29-Oct-2025 20:48:36.562 INFO [main] org.apache.catalina.startup.VersionLoggerListener.log Server version name:   Apache Tomcat/9.0.89
29-Oct-2025 20:48:36.567 INFO [main] org.apache.catalina.startup.VersionLoggerListener.log Server built:          May 3 2024 20:22:11 UTC
29-Oct-2025 20:48:36.569 INFO [main] org.apache.catalina.startup.VersionLoggerListener.log Server version number: 9.0.89.0
29-Oct-2025 20:48:36.570 INFO [main] org.apache.catalina.startup.VersionLoggerListener.log OS Name:               Linux
29-Oct-2025 20:48:36.570 INFO [main] org.apache.catalina.startup.VersionLoggerListener.log OS Version:            6.8.0-1030-azure
29-Oct-2025 20:48:36.570 INFO [main] org.apache.catalina.startup.VersionLoggerListener.log Architecture:          amd64
29-Oct-2025 20:48:36.570 INFO [main] org.apache.catalina.startup.VersionLoggerListener.log Java Home:             /usr/local/sdkman/candidates/java/21.0.7-ms
29-Oct-2025 20:48:36.571 INFO [main] org.apache.catalina.startup.VersionLoggerListener.log JVM Version:           21.0.7+6-LTS
29-Oct-2025 20:48:36.571 INFO [main] org.apache.catalina.startup.VersionLoggerListener.log JVM Vendor:            Microsoft
29-Oct-2025 20:48:36.571 INFO [main] org.apache.catalina.startup.VersionLoggerListener.log CATALINA_BASE:         /workspaces/tomcat/tomcat9
29-Oct-2025 20:48:36.572 INFO [main] org.apache.catalina.startup.VersionLoggerListener.log CATALINA_HOME:         /workspaces/tomcat/tomcat9
29-Oct-2025 20:48:36.581 INFO [main] org.apache.catalina.startup.VersionLoggerListener.log Command line argument: --add-opens=java.base/java.lang=ALL-UNNAMED
29-Oct-2025 20:48:36.583 INFO [main] org.apache.catalina.startup.VersionLoggerListener.log Command line argument: --add-opens=java.base/java.io=ALL-UNNAMED
29-Oct-2025 20:48:36.583 INFO [main] org.apache.catalina.startup.VersionLoggerListener.log Command line argument: --add-opens=java.base/java.util=ALL-UNNAMED
29-Oct-2025 20:48:36.583 INFO [main] org.apache.catalina.startup.VersionLoggerListener.log Command line argument: --add-opens=java.base/java.util.concurrent=ALL-UNNAMED
29-Oct-2025 20:48:36.584 INFO [main] org.apache.catalina.startup.VersionLoggerListener.log Command line argument: --add-opens=java.rmi/sun.rmi.transport=ALL-UNNAMED
29-Oct-2025 20:48:36.585 INFO [main] org.apache.catalina.startup.VersionLoggerListener.log Command line argument: -Djava.util.logging.config.file=/workspaces/tomcat/tomcat9/conf/logging.properties
29-Oct-2025 20:48:36.585 INFO [main] org.apache.catalina.startup.VersionLoggerListener.log Command line argument: -Djava.util.logging.manager=org.apache.juli.ClassLoaderLogManager
29-Oct-2025 20:48:36.585 INFO [main] org.apache.catalina.startup.VersionLoggerListener.log Command line argument: -Djdk.tls.ephemeralDHKeySize=2048
29-Oct-2025 20:48:36.585 INFO [main] org.apache.catalina.startup.VersionLoggerListener.log Command line argument: -Djava.protocol.handler.pkgs=org.apache.catalina.webresources
29-Oct-2025 20:48:36.586 INFO [main] org.apache.catalina.startup.VersionLoggerListener.log Command line argument: -Dorg.apache.catalina.security.SecurityListener.UMASK=0027
29-Oct-2025 20:48:36.586 INFO [main] org.apache.catalina.startup.VersionLoggerListener.log Command line argument: -Dignore.endorsed.dirs=
29-Oct-2025 20:48:36.587 INFO [main] org.apache.catalina.startup.VersionLoggerListener.log Command line argument: -Dcatalina.base=/workspaces/tomcat/tomcat9
29-Oct-2025 20:48:36.587 INFO [main] org.apache.catalina.startup.VersionLoggerListener.log Command line argument: -Dcatalina.home=/workspaces/tomcat/tomcat9
29-Oct-2025 20:48:36.587 INFO [main] org.apache.catalina.startup.VersionLoggerListener.log Command line argument: -Djava.io.tmpdir=/workspaces/tomcat/tomcat9/temp
29-Oct-2025 20:48:36.590 INFO [main] org.apache.catalina.core.AprLifecycleListener.lifecycleEvent The Apache Tomcat Native library which allows using OpenSSL was not found on the java.library.path: [/usr/java/packages/lib:/usr/lib64:/lib64:/lib:/usr/lib]
29-Oct-2025 20:48:37.214 INFO [main] org.apache.coyote.AbstractProtocol.init Initializing ProtocolHandler ["http-nio-8080"]
29-Oct-2025 20:48:37.258 INFO [main] org.apache.catalina.startup.Catalina.load Server initialization in [907] milliseconds
29-Oct-2025 20:48:37.332 INFO [main] org.apache.catalina.core.StandardService.startInternal Starting service [Catalina]
29-Oct-2025 20:48:37.332 INFO [main] org.apache.catalina.core.StandardEngine.startInternal Starting Servlet engine: [Apache Tomcat/9.0.89]
29-Oct-2025 20:48:37.345 INFO [main] org.apache.catalina.startup.HostConfig.deployDirectory Deploying web application directory [/workspaces/tomcat/tomcat9/webapps/ROOT]
29-Oct-2025 20:48:38.079 INFO [main] org.apache.jasper.servlet.TldScanner.scanJars At least one JAR was scanned for TLDs yet contained no TLDs. Enable debug logging for this logger for a complete list of JARs that were scanned but no TLDs were found in them. Skipping unneeded JARs during scanning can improve startup time and JSP compilation time.
29-Oct-2025 20:48:38.129 INFO [main] org.apache.catalina.startup.HostConfig.deployDirectory Deployment of web application directory [/workspaces/tomcat/tomcat9/webapps/ROOT] has finished in [785] ms
29-Oct-2025 20:48:38.130 INFO [main] org.apache.catalina.startup.HostConfig.deployDirectory Deploying web application directory [/workspaces/tomcat/tomcat9/webapps/hellojsp]
29-Oct-2025 20:48:38.395 INFO [main] org.apache.jasper.servlet.TldScanner.scanJars At least one JAR was scanned for TLDs yet contained no TLDs. Enable debug logging for this logger for a complete list of JARs that were scanned but no TLDs were found in them. Skipping unneeded JARs during scanning can improve startup time and JSP compilation time.
29-Oct-2025 20:48:38.407 INFO [main] org.apache.catalina.startup.HostConfig.deployDirectory Deployment of web application directory [/workspaces/tomcat/tomcat9/webapps/hellojsp] has finished in [277] ms
29-Oct-2025 20:48:38.407 INFO [main] org.apache.catalina.startup.HostConfig.deployDirectory Deploying web application directory [/workspaces/tomcat/tomcat9/webapps/docs]
29-Oct-2025 20:48:38.655 INFO [main] org.apache.jasper.servlet.TldScanner.scanJars At least one JAR was scanned for TLDs yet contained no TLDs. Enable debug logging for this logger for a complete list of JARs that were scanned but no TLDs were found in them. Skipping unneeded JARs during scanning can improve startup time and JSP compilation time.
29-Oct-2025 20:48:38.657 INFO [main] org.apache.catalina.startup.HostConfig.deployDirectory Deployment of web application directory [/workspaces/tomcat/tomcat9/webapps/docs] has finished in [250] ms
29-Oct-2025 20:48:38.657 INFO [main] org.apache.catalina.startup.HostConfig.deployDirectory Deploying web application directory [/workspaces/tomcat/tomcat9/webapps/examples]
29-Oct-2025 20:48:39.156 INFO [main] org.apache.jasper.servlet.TldScanner.scanJars At least one JAR was scanned for TLDs yet contained no TLDs. Enable debug logging for this logger for a complete list of JARs that were scanned but no TLDs were found in them. Skipping unneeded JARs during scanning can improve startup time and JSP compilation time.
29-Oct-2025 20:48:39.201 INFO [main] org.apache.catalina.startup.HostConfig.deployDirectory Deployment of web application directory [/workspaces/tomcat/tomcat9/webapps/examples] has finished in [544] ms
29-Oct-2025 20:48:39.202 INFO [main] org.apache.catalina.startup.HostConfig.deployDirectory Deploying web application directory [/workspaces/tomcat/tomcat9/webapps/auth]
29-Oct-2025 20:48:39.391 INFO [main] org.apache.jasper.servlet.TldScanner.scanJars At least one JAR was scanned for TLDs yet contained no TLDs. Enable debug logging for this logger for a complete list of JARs that were scanned but no TLDs were found in them. Skipping unneeded JARs during scanning can improve startup time and JSP compilation time.
29-Oct-2025 20:48:39.393 INFO [main] org.apache.catalina.startup.HostConfig.deployDirectory Deployment of web application directory [/workspaces/tomcat/tomcat9/webapps/auth] has finished in [191] ms
29-Oct-2025 20:48:39.395 INFO [main] org.apache.catalina.startup.HostConfig.deployDirectory Deploying web application directory [/workspaces/tomcat/tomcat9/webapps/host-manager]
29-Oct-2025 20:48:39.581 INFO [main] org.apache.jasper.servlet.TldScanner.scanJars At least one JAR was scanned for TLDs yet contained no TLDs. Enable debug logging for this logger for a complete list of JARs that were scanned but no TLDs were found in them. Skipping unneeded JARs during scanning can improve startup time and JSP compilation time.
29-Oct-2025 20:48:39.585 INFO [main] org.apache.catalina.startup.HostConfig.deployDirectory Deployment of web application directory [/workspaces/tomcat/tomcat9/webapps/host-manager] has finished in [189] ms
29-Oct-2025 20:48:39.586 INFO [main] org.apache.catalina.startup.HostConfig.deployDirectory Deploying web application directory [/workspaces/tomcat/tomcat9/webapps/manager]
29-Oct-2025 20:48:39.787 INFO [main] org.apache.jasper.servlet.TldScanner.scanJars At least one JAR was scanned for TLDs yet contained no TLDs. Enable debug logging for this logger for a complete list of JARs that were scanned but no TLDs were found in them. Skipping unneeded JARs during scanning can improve startup time and JSP compilation time.
29-Oct-2025 20:48:39.790 INFO [main] org.apache.catalina.startup.HostConfig.deployDirectory Deployment of web application directory [/workspaces/tomcat/tomcat9/webapps/manager] has finished in [204] ms
29-Oct-2025 20:48:39.791 INFO [main] org.apache.catalina.startup.HostConfig.deployDirectory Deploying web application directory [/workspaces/tomcat/tomcat9/webapps/hello]
29-Oct-2025 20:48:39.991 INFO [main] org.apache.jasper.servlet.TldScanner.scanJars At least one JAR was scanned for TLDs yet contained no TLDs. Enable debug logging for this logger for a complete list of JARs that were scanned but no TLDs were found in them. Skipping unneeded JARs during scanning can improve startup time and JSP compilation time.
29-Oct-2025 20:48:39.994 INFO [main] org.apache.catalina.startup.HostConfig.deployDirectory Deployment of web application directory [/workspaces/tomcat/tomcat9/webapps/hello] has finished in [203] ms
29-Oct-2025 20:48:39.994 INFO [main] org.apache.catalina.startup.HostConfig.deployDirectory Deploying web application directory [/workspaces/tomcat/tomcat9/webapps/cookies]
29-Oct-2025 20:48:40.205 INFO [main] org.apache.jasper.servlet.TldScanner.scanJars At least one JAR was scanned for TLDs yet contained no TLDs. Enable debug logging for this logger for a complete list of JARs that were scanned but no TLDs were found in them. Skipping unneeded JARs during scanning can improve startup time and JSP compilation time.
29-Oct-2025 20:48:40.207 INFO [main] org.apache.catalina.startup.HostConfig.deployDirectory Deployment of web application directory [/workspaces/tomcat/tomcat9/webapps/cookies] has finished in [213] ms
29-Oct-2025 20:48:40.211 INFO [main] org.apache.coyote.AbstractProtocol.start Starting ProtocolHandler ["http-nio-8080"]
29-Oct-2025 20:48:40.220 INFO [main] org.apache.catalina.startup.Catalina.start Server startup in [2957] milliseconds
29-Oct-2025 20:51:03.622 INFO [main] org.apache.catalina.core.StandardServer.await A valid shutdown command was received via the shutdown port. Stopping the Server instance.
29-Oct-2025 20:51:03.624 INFO [main] org.apache.coyote.AbstractProtocol.pause Pausing ProtocolHandler ["http-nio-8080"]
29-Oct-2025 20:51:03.629 INFO [main] org.apache.catalina.core.StandardService.stopInternal Stopping service [Catalina]
29-Oct-2025 20:51:03.683 INFO [main] org.apache.coyote.AbstractProtocol.stop Stopping ProtocolHandler ["http-nio-8080"]
29-Oct-2025 20:51:03.694 INFO [main] org.apache.coyote.AbstractProtocol.destroy Destroying ProtocolHandler ["http-nio-8080"]
29-Oct-2025 20:52:21.821 INFO [main] org.apache.catalina.startup.VersionLoggerListener.log Server version name:   Apache Tomcat/9.0.89
29-Oct-2025 20:52:21.827 INFO [main] org.apache.catalina.startup.VersionLoggerListener.log Server built:          May 3 2024 20:22:11 UTC
29-Oct-2025 20:52:21.828 INFO [main] org.apache.catalina.startup.VersionLoggerListener.log Server version number: 9.0.89.0
29-Oct-2025 20:52:21.829 INFO [main] org.apache.catalina.startup.VersionLoggerListener.log OS Name:               Linux
29-Oct-2025 20:52:21.829 INFO [main] org.apache.catalina.startup.VersionLoggerListener.log OS Version:            6.8.0-1030-azure
29-Oct-2025 20:52:21.829 INFO [main] org.apache.catalina.startup.VersionLoggerListener.log Architecture:          amd64
29-Oct-2025 20:52:21.829 INFO [main] org.apache.catalina.startup.VersionLoggerListener.log Java Home:             /usr/local/sdkman/candidates/java/21.0.7-ms
29-Oct-2025 20:52:21.829 INFO [main] org.apache.catalina.startup.VersionLoggerListener.log JVM Version:           21.0.7+6-LTS
29-Oct-2025 20:52:21.829 INFO [main] org.apache.catalina.startup.VersionLoggerListener.log JVM Vendor:            Microsoft
29-Oct-2025 20:52:21.830 INFO [main] org.apache.catalina.startup.VersionLoggerListener.log CATALINA_BASE:         /workspaces/tomcat/tomcat9
29-Oct-2025 20:52:21.831 INFO [main] org.apache.catalina.startup.VersionLoggerListener.log CATALINA_HOME:         /workspaces/tomcat/tomcat9
29-Oct-2025 20:52:21.841 INFO [main] org.apache.catalina.startup.VersionLoggerListener.log Command line argument: --add-opens=java.base/java.lang=ALL-UNNAMED
29-Oct-2025 20:52:21.842 INFO [main] org.apache.catalina.startup.VersionLoggerListener.log Command line argument: --add-opens=java.base/java.io=ALL-UNNAMED
29-Oct-2025 20:52:21.843 INFO [main] org.apache.catalina.startup.VersionLoggerListener.log Command line argument: --add-opens=java.base/java.util=ALL-UNNAMED
29-Oct-2025 20:52:21.843 INFO [main] org.apache.catalina.startup.VersionLoggerListener.log Command line argument: --add-opens=java.base/java.util.concurrent=ALL-UNNAMED
29-Oct-2025 20:52:21.843 INFO [main] org.apache.catalina.startup.VersionLoggerListener.log Command line argument: --add-opens=java.rmi/sun.rmi.transport=ALL-UNNAMED
29-Oct-2025 20:52:21.843 INFO [main] org.apache.catalina.startup.VersionLoggerListener.log Command line argument: -Djava.util.logging.config.file=/workspaces/tomcat/tomcat9/conf/logging.properties
29-Oct-2025 20:52:21.843 INFO [main] org.apache.catalina.startup.VersionLoggerListener.log Command line argument: -Djava.util.logging.manager=org.apache.juli.ClassLoaderLogManager
29-Oct-2025 20:52:21.844 INFO [main] org.apache.catalina.startup.VersionLoggerListener.log Command line argument: -Djdk.tls.ephemeralDHKeySize=2048
29-Oct-2025 20:52:21.844 INFO [main] org.apache.catalina.startup.VersionLoggerListener.log Command line argument: -Djava.protocol.handler.pkgs=org.apache.catalina.webresources
29-Oct-2025 20:52:21.845 INFO [main] org.apache.catalina.startup.VersionLoggerListener.log Command line argument: -Dorg.apache.catalina.security.SecurityListener.UMASK=0027
29-Oct-2025 20:52:21.846 INFO [main] org.apache.catalina.startup.VersionLoggerListener.log Command line argument: -Dignore.endorsed.dirs=
29-Oct-2025 20:52:21.846 INFO [main] org.apache.catalina.startup.VersionLoggerListener.log Command line argument: -Dcatalina.base=/workspaces/tomcat/tomcat9
29-Oct-2025 20:52:21.847 INFO [main] org.apache.catalina.startup.VersionLoggerListener.log Command line argument: -Dcatalina.home=/workspaces/tomcat/tomcat9
29-Oct-2025 20:52:21.847 INFO [main] org.apache.catalina.startup.VersionLoggerListener.log Command line argument: -Djava.io.tmpdir=/workspaces/tomcat/tomcat9/temp
29-Oct-2025 20:52:21.849 INFO [main] org.apache.catalina.core.AprLifecycleListener.lifecycleEvent The Apache Tomcat Native library which allows using OpenSSL was not found on the java.library.path: [/usr/java/packages/lib:/usr/lib64:/lib64:/lib:/usr/lib]
29-Oct-2025 20:52:22.424 INFO [main] org.apache.coyote.AbstractProtocol.init Initializing ProtocolHandler ["http-nio-8080"]
29-Oct-2025 20:52:22.452 INFO [main] org.apache.catalina.startup.Catalina.load Server initialization in [852] milliseconds
29-Oct-2025 20:52:22.507 INFO [main] org.apache.catalina.core.StandardService.startInternal Starting service [Catalina]
29-Oct-2025 20:52:22.507 INFO [main] org.apache.catalina.core.StandardEngine.startInternal Starting Servlet engine: [Apache Tomcat/9.0.89]
29-Oct-2025 20:52:22.515 INFO [main] org.apache.catalina.startup.HostConfig.deployDirectory Deploying web application directory [/workspaces/tomcat/tomcat9/webapps/ROOT]
29-Oct-2025 20:52:23.190 INFO [main] org.apache.jasper.servlet.TldScanner.scanJars At least one JAR was scanned for TLDs yet contained no TLDs. Enable debug logging for this logger for a complete list of JARs that were scanned but no TLDs were found in them. Skipping unneeded JARs during scanning can improve startup time and JSP compilation time.
29-Oct-2025 20:52:23.242 INFO [main] org.apache.catalina.startup.HostConfig.deployDirectory Deployment of web application directory [/workspaces/tomcat/tomcat9/webapps/ROOT] has finished in [727] ms
29-Oct-2025 20:52:23.242 INFO [main] org.apache.catalina.startup.HostConfig.deployDirectory Deploying web application directory [/workspaces/tomcat/tomcat9/webapps/hellojsp]
29-Oct-2025 20:52:23.497 INFO [main] org.apache.jasper.servlet.TldScanner.scanJars At least one JAR was scanned for TLDs yet contained no TLDs. Enable debug logging for this logger for a complete list of JARs that were scanned but no TLDs were found in them. Skipping unneeded JARs during scanning can improve startup time and JSP compilation time.
29-Oct-2025 20:52:23.510 INFO [main] org.apache.catalina.startup.HostConfig.deployDirectory Deployment of web application directory [/workspaces/tomcat/tomcat9/webapps/hellojsp] has finished in [268] ms
29-Oct-2025 20:52:23.510 INFO [main] org.apache.catalina.startup.HostConfig.deployDirectory Deploying web application directory [/workspaces/tomcat/tomcat9/webapps/docs]
29-Oct-2025 20:52:23.751 INFO [main] org.apache.jasper.servlet.TldScanner.scanJars At least one JAR was scanned for TLDs yet contained no TLDs. Enable debug logging for this logger for a complete list of JARs that were scanned but no TLDs were found in them. Skipping unneeded JARs during scanning can improve startup time and JSP compilation time.
29-Oct-2025 20:52:23.753 INFO [main] org.apache.catalina.startup.HostConfig.deployDirectory Deployment of web application directory [/workspaces/tomcat/tomcat9/webapps/docs] has finished in [243] ms
29-Oct-2025 20:52:23.753 INFO [main] org.apache.catalina.startup.HostConfig.deployDirectory Deploying web application directory [/workspaces/tomcat/tomcat9/webapps/examples]
29-Oct-2025 20:52:24.150 INFO [main] org.apache.jasper.servlet.TldScanner.scanJars At least one JAR was scanned for TLDs yet contained no TLDs. Enable debug logging for this logger for a complete list of JARs that were scanned but no TLDs were found in them. Skipping unneeded JARs during scanning can improve startup time and JSP compilation time.
29-Oct-2025 20:52:24.193 INFO [main] org.apache.catalina.startup.HostConfig.deployDirectory Deployment of web application directory [/workspaces/tomcat/tomcat9/webapps/examples] has finished in [440] ms
29-Oct-2025 20:52:24.193 INFO [main] org.apache.catalina.startup.HostConfig.deployDirectory Deploying web application directory [/workspaces/tomcat/tomcat9/webapps/auth]
29-Oct-2025 20:52:24.388 INFO [main] org.apache.jasper.servlet.TldScanner.scanJars At least one JAR was scanned for TLDs yet contained no TLDs. Enable debug logging for this logger for a complete list of JARs that were scanned but no TLDs were found in them. Skipping unneeded JARs during scanning can improve startup time and JSP compilation time.
29-Oct-2025 20:52:24.392 INFO [main] org.apache.catalina.startup.HostConfig.deployDirectory Deployment of web application directory [/workspaces/tomcat/tomcat9/webapps/auth] has finished in [199] ms
29-Oct-2025 20:52:24.392 INFO [main] org.apache.catalina.startup.HostConfig.deployDirectory Deploying web application directory [/workspaces/tomcat/tomcat9/webapps/host-manager]
29-Oct-2025 20:52:24.640 INFO [main] org.apache.jasper.servlet.TldScanner.scanJars At least one JAR was scanned for TLDs yet contained no TLDs. Enable debug logging for this logger for a complete list of JARs that were scanned but no TLDs were found in them. Skipping unneeded JARs during scanning can improve startup time and JSP compilation time.
29-Oct-2025 20:52:24.644 INFO [main] org.apache.catalina.startup.HostConfig.deployDirectory Deployment of web application directory [/workspaces/tomcat/tomcat9/webapps/host-manager] has finished in [251] ms
29-Oct-2025 20:52:24.644 INFO [main] org.apache.catalina.startup.HostConfig.deployDirectory Deploying web application directory [/workspaces/tomcat/tomcat9/webapps/manager]
29-Oct-2025 20:52:24.825 INFO [main] org.apache.jasper.servlet.TldScanner.scanJars At least one JAR was scanned for TLDs yet contained no TLDs. Enable debug logging for this logger for a complete list of JARs that were scanned but no TLDs were found in them. Skipping unneeded JARs during scanning can improve startup time and JSP compilation time.
29-Oct-2025 20:52:24.828 INFO [main] org.apache.catalina.startup.HostConfig.deployDirectory Deployment of web application directory [/workspaces/tomcat/tomcat9/webapps/manager] has finished in [184] ms
29-Oct-2025 20:52:24.828 INFO [main] org.apache.catalina.startup.HostConfig.deployDirectory Deploying web application directory [/workspaces/tomcat/tomcat9/webapps/hello]
29-Oct-2025 20:52:25.017 INFO [main] org.apache.jasper.servlet.TldScanner.scanJars At least one JAR was scanned for TLDs yet contained no TLDs. Enable debug logging for this logger for a complete list of JARs that were scanned but no TLDs were found in them. Skipping unneeded JARs during scanning can improve startup time and JSP compilation time.
29-Oct-2025 20:52:25.026 INFO [main] org.apache.catalina.startup.HostConfig.deployDirectory Deployment of web application directory [/workspaces/tomcat/tomcat9/webapps/hello] has finished in [198] ms
29-Oct-2025 20:52:25.027 INFO [main] org.apache.catalina.startup.HostConfig.deployDirectory Deploying web application directory [/workspaces/tomcat/tomcat9/webapps/cookies]
29-Oct-2025 20:52:25.267 INFO [main] org.apache.jasper.servlet.TldScanner.scanJars At least one JAR was scanned for TLDs yet contained no TLDs. Enable debug logging for this logger for a complete list of JARs that were scanned but no TLDs were found in them. Skipping unneeded JARs during scanning can improve startup time and JSP compilation time.
29-Oct-2025 20:52:25.271 INFO [main] org.apache.catalina.startup.HostConfig.deployDirectory Deployment of web application directory [/workspaces/tomcat/tomcat9/webapps/cookies] has finished in [243] ms
29-Oct-2025 20:52:25.274 INFO [main] org.apache.coyote.AbstractProtocol.start Starting ProtocolHandler ["http-nio-8080"]
29-Oct-2025 20:52:25.284 INFO [main] org.apache.catalina.startup.Catalina.start Server startup in [2831] milliseconds
29-Oct-2025 20:53:12.434 INFO [main] org.apache.catalina.core.StandardServer.await A valid shutdown command was received via the shutdown port. Stopping the Server instance.
29-Oct-2025 20:53:12.435 INFO [main] org.apache.coyote.AbstractProtocol.pause Pausing ProtocolHandler ["http-nio-8080"]
29-Oct-2025 20:53:12.439 INFO [main] org.apache.catalina.core.StandardService.stopInternal Stopping service [Catalina]
29-Oct-2025 20:53:12.501 INFO [main] org.apache.coyote.AbstractProtocol.stop Stopping ProtocolHandler ["http-nio-8080"]
29-Oct-2025 20:53:12.513 INFO [main] org.apache.coyote.AbstractProtocol.destroy Destroying ProtocolHandler ["http-nio-8080"]
29-Oct-2025 20:53:43.977 INFO [main] org.apache.catalina.startup.VersionLoggerListener.log Server version name:   Apache Tomcat/9.0.89
29-Oct-2025 20:53:43.983 INFO [main] org.apache.catalina.startup.VersionLoggerListener.log Server built:          May 3 2024 20:22:11 UTC
29-Oct-2025 20:53:43.983 INFO [main] org.apache.catalina.startup.VersionLoggerListener.log Server version number: 9.0.89.0
29-Oct-2025 20:53:43.983 INFO [main] org.apache.catalina.startup.VersionLoggerListener.log OS Name:               Linux
29-Oct-2025 20:53:43.983 INFO [main] org.apache.catalina.startup.VersionLoggerListener.log OS Version:            6.8.0-1030-azure
29-Oct-2025 20:53:43.984 INFO [main] org.apache.catalina.startup.VersionLoggerListener.log Architecture:          amd64
29-Oct-2025 20:53:43.984 INFO [main] org.apache.catalina.startup.VersionLoggerListener.log Java Home:             /usr/local/sdkman/candidates/java/21.0.7-ms
29-Oct-2025 20:53:43.984 INFO [main] org.apache.catalina.startup.VersionLoggerListener.log JVM Version:           21.0.7+6-LTS
29-Oct-2025 20:53:43.984 INFO [main] org.apache.catalina.startup.VersionLoggerListener.log JVM Vendor:            Microsoft
29-Oct-2025 20:53:43.984 INFO [main] org.apache.catalina.startup.VersionLoggerListener.log CATALINA_BASE:         /workspaces/tomcat/tomcat9
29-Oct-2025 20:53:43.984 INFO [main] org.apache.catalina.startup.VersionLoggerListener.log CATALINA_HOME:         /workspaces/tomcat/tomcat9
29-Oct-2025 20:53:43.997 INFO [main] org.apache.catalina.startup.VersionLoggerListener.log Command line argument: --add-opens=java.base/java.lang=ALL-UNNAMED
29-Oct-2025 20:53:43.997 INFO [main] org.apache.catalina.startup.VersionLoggerListener.log Command line argument: --add-opens=java.base/java.io=ALL-UNNAMED
29-Oct-2025 20:53:43.997 INFO [main] org.apache.catalina.startup.VersionLoggerListener.log Command line argument: --add-opens=java.base/java.util=ALL-UNNAMED
29-Oct-2025 20:53:43.997 INFO [main] org.apache.catalina.startup.VersionLoggerListener.log Command line argument: --add-opens=java.base/java.util.concurrent=ALL-UNNAMED
29-Oct-2025 20:53:43.997 INFO [main] org.apache.catalina.startup.VersionLoggerListener.log Command line argument: --add-opens=java.rmi/sun.rmi.transport=ALL-UNNAMED
29-Oct-2025 20:53:43.997 INFO [main] org.apache.catalina.startup.VersionLoggerListener.log Command line argument: -Djava.util.logging.config.file=/workspaces/tomcat/tomcat9/conf/logging.properties
29-Oct-2025 20:53:43.999 INFO [main] org.apache.catalina.startup.VersionLoggerListener.log Command line argument: -Djava.util.logging.manager=org.apache.juli.ClassLoaderLogManager
29-Oct-2025 20:53:43.999 INFO [main] org.apache.catalina.startup.VersionLoggerListener.log Command line argument: -Djdk.tls.ephemeralDHKeySize=2048
29-Oct-2025 20:53:43.999 INFO [main] org.apache.catalina.startup.VersionLoggerListener.log Command line argument: -Djava.protocol.handler.pkgs=org.apache.catalina.webresources
29-Oct-2025 20:53:43.999 INFO [main] org.apache.catalina.startup.VersionLoggerListener.log Command line argument: -Dorg.apache.catalina.security.SecurityListener.UMASK=0027
29-Oct-2025 20:53:43.999 INFO [main] org.apache.catalina.startup.VersionLoggerListener.log Command line argument: -Dignore.endorsed.dirs=
29-Oct-2025 20:53:43.999 INFO [main] org.apache.catalina.startup.VersionLoggerListener.log Command line argument: -Dcatalina.base=/workspaces/tomcat/tomcat9
29-Oct-2025 20:53:43.999 INFO [main] org.apache.catalina.startup.VersionLoggerListener.log Command line argument: -Dcatalina.home=/workspaces/tomcat/tomcat9
29-Oct-2025 20:53:43.999 INFO [main] org.apache.catalina.startup.VersionLoggerListener.log Command line argument: -Djava.io.tmpdir=/workspaces/tomcat/tomcat9/temp
29-Oct-2025 20:53:44.003 INFO [main] org.apache.catalina.core.AprLifecycleListener.lifecycleEvent The Apache Tomcat Native library which allows using OpenSSL was not found on the java.library.path: [/usr/java/packages/lib:/usr/lib64:/lib64:/lib:/usr/lib]
29-Oct-2025 20:53:44.578 INFO [main] org.apache.coyote.AbstractProtocol.init Initializing ProtocolHandler ["http-nio-8080"]
29-Oct-2025 20:53:44.610 INFO [main] org.apache.catalina.startup.Catalina.load Server initialization in [853] milliseconds
29-Oct-2025 20:53:44.655 INFO [main] org.apache.catalina.core.StandardService.startInternal Starting service [Catalina]
29-Oct-2025 20:53:44.658 INFO [main] org.apache.catalina.core.StandardEngine.startInternal Starting Servlet engine: [Apache Tomcat/9.0.89]
29-Oct-2025 20:53:44.666 INFO [main] org.apache.catalina.startup.HostConfig.deployDirectory Deploying web application directory [/workspaces/tomcat/tomcat9/webapps/ROOT]
29-Oct-2025 20:53:45.337 INFO [main] org.apache.jasper.servlet.TldScanner.scanJars At least one JAR was scanned for TLDs yet contained no TLDs. Enable debug logging for this logger for a complete list of JARs that were scanned but no TLDs were found in them. Skipping unneeded JARs during scanning can improve startup time and JSP compilation time.
29-Oct-2025 20:53:45.378 INFO [main] org.apache.catalina.startup.HostConfig.deployDirectory Deployment of web application directory [/workspaces/tomcat/tomcat9/webapps/ROOT] has finished in [712] ms
29-Oct-2025 20:53:45.379 INFO [main] org.apache.catalina.startup.HostConfig.deployDirectory Deploying web application directory [/workspaces/tomcat/tomcat9/webapps/hellojsp]
29-Oct-2025 20:53:45.612 INFO [main] org.apache.jasper.servlet.TldScanner.scanJars At least one JAR was scanned for TLDs yet contained no TLDs. Enable debug logging for this logger for a complete list of JARs that were scanned but no TLDs were found in them. Skipping unneeded JARs during scanning can improve startup time and JSP compilation time.
29-Oct-2025 20:53:45.620 INFO [main] org.apache.catalina.startup.HostConfig.deployDirectory Deployment of web application directory [/workspaces/tomcat/tomcat9/webapps/hellojsp] has finished in [240] ms
29-Oct-2025 20:53:45.620 INFO [main] org.apache.catalina.startup.HostConfig.deployDirectory Deploying web application directory [/workspaces/tomcat/tomcat9/webapps/docs]
29-Oct-2025 20:53:45.836 INFO [main] org.apache.jasper.servlet.TldScanner.scanJars At least one JAR was scanned for TLDs yet contained no TLDs. Enable debug logging for this logger for a complete list of JARs that were scanned but no TLDs were found in them. Skipping unneeded JARs during scanning can improve startup time and JSP compilation time.
29-Oct-2025 20:53:45.838 INFO [main] org.apache.catalina.startup.HostConfig.deployDirectory Deployment of web application directory [/workspaces/tomcat/tomcat9/webapps/docs] has finished in [218] ms
29-Oct-2025 20:53:45.838 INFO [main] org.apache.catalina.startup.HostConfig.deployDirectory Deploying web application directory [/workspaces/tomcat/tomcat9/webapps/examples]
29-Oct-2025 20:53:46.226 INFO [main] org.apache.jasper.servlet.TldScanner.scanJars At least one JAR was scanned for TLDs yet contained no TLDs. Enable debug logging for this logger for a complete list of JARs that were scanned but no TLDs were found in them. Skipping unneeded JARs during scanning can improve startup time and JSP compilation time.
29-Oct-2025 20:53:46.273 INFO [main] org.apache.catalina.startup.HostConfig.deployDirectory Deployment of web application directory [/workspaces/tomcat/tomcat9/webapps/examples] has finished in [435] ms
29-Oct-2025 20:53:46.274 INFO [main] org.apache.catalina.startup.HostConfig.deployDirectory Deploying web application directory [/workspaces/tomcat/tomcat9/webapps/auth]
29-Oct-2025 20:53:46.461 INFO [main] org.apache.jasper.servlet.TldScanner.scanJars At least one JAR was scanned for TLDs yet contained no TLDs. Enable debug logging for this logger for a complete list of JARs that were scanned but no TLDs were found in them. Skipping unneeded JARs during scanning can improve startup time and JSP compilation time.
29-Oct-2025 20:53:46.463 INFO [main] org.apache.catalina.startup.HostConfig.deployDirectory Deployment of web application directory [/workspaces/tomcat/tomcat9/webapps/auth] has finished in [189] ms
29-Oct-2025 20:53:46.463 INFO [main] org.apache.catalina.startup.HostConfig.deployDirectory Deploying web application directory [/workspaces/tomcat/tomcat9/webapps/host-manager]
29-Oct-2025 20:53:46.719 INFO [main] org.apache.jasper.servlet.TldScanner.scanJars At least one JAR was scanned for TLDs yet contained no TLDs. Enable debug logging for this logger for a complete list of JARs that were scanned but no TLDs were found in them. Skipping unneeded JARs during scanning can improve startup time and JSP compilation time.
29-Oct-2025 20:53:46.722 INFO [main] org.apache.catalina.startup.HostConfig.deployDirectory Deployment of web application directory [/workspaces/tomcat/tomcat9/webapps/host-manager] has finished in [259] ms
29-Oct-2025 20:53:46.723 INFO [main] org.apache.catalina.startup.HostConfig.deployDirectory Deploying web application directory [/workspaces/tomcat/tomcat9/webapps/manager]
29-Oct-2025 20:53:46.884 INFO [main] org.apache.jasper.servlet.TldScanner.scanJars At least one JAR was scanned for TLDs yet contained no TLDs. Enable debug logging for this logger for a complete list of JARs that were scanned but no TLDs were found in them. Skipping unneeded JARs during scanning can improve startup time and JSP compilation time.
29-Oct-2025 20:53:46.886 INFO [main] org.apache.catalina.startup.HostConfig.deployDirectory Deployment of web application directory [/workspaces/tomcat/tomcat9/webapps/manager] has finished in [163] ms
29-Oct-2025 20:53:46.886 INFO [main] org.apache.catalina.startup.HostConfig.deployDirectory Deploying web application directory [/workspaces/tomcat/tomcat9/webapps/hello]
29-Oct-2025 20:53:47.075 INFO [main] org.apache.jasper.servlet.TldScanner.scanJars At least one JAR was scanned for TLDs yet contained no TLDs. Enable debug logging for this logger for a complete list of JARs that were scanned but no TLDs were found in them. Skipping unneeded JARs during scanning can improve startup time and JSP compilation time.
29-Oct-2025 20:53:47.077 INFO [main] org.apache.catalina.startup.HostConfig.deployDirectory Deployment of web application directory [/workspaces/tomcat/tomcat9/webapps/hello] has finished in [191] ms
29-Oct-2025 20:53:47.077 INFO [main] org.apache.catalina.startup.HostConfig.deployDirectory Deploying web application directory [/workspaces/tomcat/tomcat9/webapps/cookies]
29-Oct-2025 20:53:47.281 INFO [main] org.apache.jasper.servlet.TldScanner.scanJars At least one JAR was scanned for TLDs yet contained no TLDs. Enable debug logging for this logger for a complete list of JARs that were scanned but no TLDs were found in them. Skipping unneeded JARs during scanning can improve startup time and JSP compilation time.
29-Oct-2025 20:53:47.284 INFO [main] org.apache.catalina.startup.HostConfig.deployDirectory Deployment of web application directory [/workspaces/tomcat/tomcat9/webapps/cookies] has finished in [207] ms
29-Oct-2025 20:53:47.287 INFO [main] org.apache.coyote.AbstractProtocol.start Starting ProtocolHandler ["http-nio-8080"]
29-Oct-2025 20:53:47.309 INFO [main] org.apache.catalina.startup.Catalina.start Server startup in [2696] milliseconds
29-Oct-2025 21:05:17.387 INFO [Catalina-utility-1] org.apache.catalina.startup.HostConfig.deployDirectory Deploying web application directory [/workspaces/tomcat/tomcat9/webapps/auth2]
29-Oct-2025 21:05:17.551 INFO [Catalina-utility-1] org.apache.jasper.servlet.TldScanner.scanJars At least one JAR was scanned for TLDs yet contained no TLDs. Enable debug logging for this logger for a complete list of JARs that were scanned but no TLDs were found in them. Skipping unneeded JARs during scanning can improve startup time and JSP compilation time.
29-Oct-2025 21:05:17.557 INFO [Catalina-utility-1] org.apache.catalina.startup.HostConfig.deployDirectory Deployment of web application directory [/workspaces/tomcat/tomcat9/webapps/auth2] has finished in [171] ms
